{
  "stats": {
    "suites": 1,
    "tests": 1,
    "passes": 1,
    "pending": 0,
    "failures": 0,
    "start": "2021-01-15T01:19:10.851Z",
    "end": "2021-01-15T01:19:12.342Z",
    "duration": 1491,
    "testsRegistered": 1,
    "passPercent": 100,
    "pendingPercent": 0,
    "other": 0,
    "hasOther": false,
    "skipped": 0,
    "hasSkipped": false
  },
  "results": [
    {
      "uuid": "31f69f7d-1183-43b5-b252-46bd29488501",
      "title": "",
      "fullFile": "",
      "file": "",
      "beforeHooks": [],
      "afterHooks": [],
      "tests": [],
      "suites": [
        {
          "uuid": "b37a2d20-41ef-46b7-8218-6a66ff16f6c2",
          "title": "异步测试风格二",
          "fullFile": "/Users/even/Even/unit-test/unit-test/test02/test/asyn.test.js",
          "file": "/test/asyn.test.js",
          "beforeHooks": [],
          "afterHooks": [],
          "tests": [
            {
              "title": "测试二",
              "fullTitle": "异步测试风格二 测试二",
              "timedOut": false,
              "duration": 1486,
              "state": "passed",
              "speed": "slow",
              "pass": true,
              "fail": false,
              "pending": false,
              "context": null,
              "code": "var json = await fetch('https://api.github.com')\n.then(function(res) {\n  return res.json()\n})\nexpect(json).to.be.an('object');",
              "err": {},
              "uuid": "f22d8c82-d6a7-4b2f-a34c-ffb534bedf6d",
              "parentUUID": "b37a2d20-41ef-46b7-8218-6a66ff16f6c2",
              "isHook": false,
              "skipped": false
            }
          ],
          "suites": [],
          "passes": [
            "f22d8c82-d6a7-4b2f-a34c-ffb534bedf6d"
          ],
          "failures": [],
          "pending": [],
          "skipped": [],
          "duration": 1486,
          "root": false,
          "rootEmpty": false,
          "_timeout": 2000
        }
      ],
      "passes": [],
      "failures": [],
      "pending": [],
      "skipped": [],
      "duration": 0,
      "root": true,
      "rootEmpty": true,
      "_timeout": 2000
    }
  ],
  "meta": {
    "mocha": {
      "version": "8.2.1"
    },
    "mochawesome": {
      "options": {
        "quiet": false,
        "reportFilename": "mochawesome",
        "saveHtml": true,
        "saveJson": true,
        "consoleReporter": "spec",
        "useInlineDiffs": false,
        "code": true
      },
      "version": "6.2.1"
    },
    "marge": {
      "options": null,
      "version": "5.1.0"
    }
  }
}